INFO:root:already build the computing graph...
INFO:root:begin training the FISM model...
INFO:root:initialized
INFO:root:already build the computing graph...
INFO:root:begin training the FISM model...
INFO:root:initialized
INFO:root:already build the computing graph...
INFO:root:begin training the FISM model...
INFO:root:initialized
INFO:root:already build the computing graph...
INFO:root:begin training the FISM model...
INFO:root:initialized
INFO:root:already build the computing graph...
INFO:root:begin training the FISM model...
INFO:root:initialized
INFO:root:(18.1346 s) epoch 0 : train loss:  0.28
INFO:root:(70.6790 s) epoch 0: hr = 0.66, ndcg = 0.37, test_loss = 0.19
INFO:root:(28.6093 s) epoch 1 : train loss:  0.24
INFO:root:(68.4514 s) epoch 1: hr = 0.76, ndcg = 0.45, test_loss = 0.16
INFO:root:(28.1571 s) epoch 2 : train loss:  0.23
INFO:root:(68.5367 s) epoch 2: hr = 0.80, ndcg = 0.48, test_loss = 0.15
INFO:root:(28.3185 s) epoch 3 : train loss:  0.22
INFO:root:(68.2606 s) epoch 3: hr = 0.82, ndcg = 0.49, test_loss = 0.14
INFO:root:(28.4117 s) epoch 4 : train loss:  0.21
INFO:root:(68.5841 s) epoch 4: hr = 0.83, ndcg = 0.50, test_loss = 0.14
INFO:root:(28.3281 s) epoch 5 : train loss:  0.21
INFO:root:(67.8515 s) epoch 5: hr = 0.83, ndcg = 0.50, test_loss = 0.14
INFO:root:(28.3206 s) epoch 6 : train loss:  0.21
INFO:root:(68.2923 s) epoch 6: hr = 0.84, ndcg = 0.51, test_loss = 0.14
INFO:root:(26.7905 s) epoch 7 : train loss:  0.20
INFO:root:(67.8189 s) epoch 7: hr = 0.84, ndcg = 0.51, test_loss = 0.13
INFO:root:(28.3931 s) epoch 8 : train loss:  0.20
INFO:root:(68.5085 s) epoch 8: hr = 0.85, ndcg = 0.52, test_loss = 0.13
INFO:root:(27.7572 s) epoch 9 : train loss:  0.20
INFO:root:(72.2841 s) epoch 9: hr = 0.85, ndcg = 0.52, test_loss = 0.13
INFO:root:(31.0145 s) epoch 10 : train loss:  0.20
INFO:root:(71.3787 s) epoch 10: hr = 0.85, ndcg = 0.52, test_loss = 0.13
INFO:root:(27.6751 s) epoch 11 : train loss:  0.20
INFO:root:(76.2023 s) epoch 11: hr = 0.85, ndcg = 0.52, test_loss = 0.13
INFO:root:(27.7960 s) epoch 12 : train loss:  0.20
INFO:root:(66.4908 s) epoch 12: hr = 0.85, ndcg = 0.52, test_loss = 0.13
INFO:root:(27.8283 s) epoch 13 : train loss:  0.19
INFO:root:(83.3926 s) epoch 13: hr = 0.85, ndcg = 0.52, test_loss = 0.13
INFO:root:(29.5218 s) epoch 14 : train loss:  0.19
INFO:root:(66.6647 s) epoch 14: hr = 0.85, ndcg = 0.53, test_loss = 0.13
INFO:root:(27.7190 s) epoch 15 : train loss:  0.19
INFO:root:(67.4997 s) epoch 15: hr = 0.85, ndcg = 0.53, test_loss = 0.13
INFO:root:(27.5217 s) epoch 16 : train loss:  0.19
INFO:root:(67.4060 s) epoch 16: hr = 0.85, ndcg = 0.53, test_loss = 0.13
INFO:root:(27.9566 s) epoch 17 : train loss:  0.19
INFO:root:(69.0611 s) epoch 17: hr = 0.85, ndcg = 0.53, test_loss = 0.13
INFO:root:(26.6076 s) epoch 18 : train loss:  0.19
INFO:root:(72.3728 s) epoch 18: hr = 0.86, ndcg = 0.53, test_loss = 0.13
INFO:root:(27.3347 s) epoch 19 : train loss:  0.19
INFO:root:(68.0101 s) epoch 19: hr = 0.85, ndcg = 0.53, test_loss = 0.12
INFO:root:(27.7171 s) epoch 20 : train loss:  0.19
INFO:root:(68.1510 s) epoch 20: hr = 0.86, ndcg = 0.53, test_loss = 0.12
INFO:root:(27.8395 s) epoch 21 : train loss:  0.19
INFO:root:(66.3685 s) epoch 21: hr = 0.86, ndcg = 0.53, test_loss = 0.12
