INFO:root:already build the computing graph...
INFO:root:begin training the FISM model...
INFO:root:initialized
INFO:root:(25.5318 s) epoch 0 : train loss:  0.27
INFO:root:(67.1552 s) epoch 0: hr = 0.69, ndcg = 0.41, test_loss = 0.18
INFO:root:(32.0720 s) epoch 1 : train loss:  0.24
INFO:root:(65.8553 s) epoch 1: hr = 0.79, ndcg = 0.47, test_loss = 0.16
INFO:root:(30.8661 s) epoch 2 : train loss:  0.22
INFO:root:(67.6704 s) epoch 2: hr = 0.81, ndcg = 0.49, test_loss = 0.15
INFO:root:(31.1763 s) epoch 3 : train loss:  0.21
INFO:root:(67.3900 s) epoch 3: hr = 0.83, ndcg = 0.50, test_loss = 0.14
INFO:root:(30.6861 s) epoch 4 : train loss:  0.21
INFO:root:(66.3270 s) epoch 4: hr = 0.84, ndcg = 0.51, test_loss = 0.14
INFO:root:(28.6993 s) epoch 5 : train loss:  0.21
INFO:root:(66.4820 s) epoch 5: hr = 0.84, ndcg = 0.51, test_loss = 0.14
INFO:root:(28.1851 s) epoch 6 : train loss:  0.20
INFO:root:(66.5523 s) epoch 6: hr = 0.85, ndcg = 0.52, test_loss = 0.13
INFO:root:(29.4714 s) epoch 7 : train loss:  0.20
INFO:root:(72.6482 s) epoch 7: hr = 0.85, ndcg = 0.52, test_loss = 0.13
INFO:root:(30.2552 s) epoch 8 : train loss:  0.20
INFO:root:(69.5864 s) epoch 8: hr = 0.85, ndcg = 0.52, test_loss = 0.13
INFO:root:(28.9448 s) epoch 9 : train loss:  0.20
INFO:root:(68.6981 s) epoch 9: hr = 0.85, ndcg = 0.53, test_loss = 0.13
INFO:root:(30.2148 s) epoch 10 : train loss:  0.20
INFO:root:(70.2991 s) epoch 10: hr = 0.85, ndcg = 0.53, test_loss = 0.13
INFO:root:(29.0325 s) epoch 11 : train loss:  0.19
INFO:root:(66.5009 s) epoch 11: hr = 0.86, ndcg = 0.53, test_loss = 0.13
INFO:root:(29.6524 s) epoch 12 : train loss:  0.19
INFO:root:(67.4168 s) epoch 12: hr = 0.86, ndcg = 0.53, test_loss = 0.13
INFO:root:(29.2297 s) epoch 13 : train loss:  0.19
INFO:root:(68.5333 s) epoch 13: hr = 0.86, ndcg = 0.53, test_loss = 0.13
INFO:root:(29.1828 s) epoch 14 : train loss:  0.19
INFO:root:(65.5810 s) epoch 14: hr = 0.86, ndcg = 0.53, test_loss = 0.13
INFO:root:(28.0588 s) epoch 15 : train loss:  0.19
INFO:root:(65.6344 s) epoch 15: hr = 0.86, ndcg = 0.53, test_loss = 0.13
INFO:root:(30.7333 s) epoch 16 : train loss:  0.19
INFO:root:(66.6232 s) epoch 16: hr = 0.86, ndcg = 0.53, test_loss = 0.13
INFO:root:(29.6980 s) epoch 17 : train loss:  0.19
INFO:root:(65.4191 s) epoch 17: hr = 0.86, ndcg = 0.53, test_loss = 0.12
INFO:root:(30.2064 s) epoch 18 : train loss:  0.19
INFO:root:(65.3613 s) epoch 18: hr = 0.86, ndcg = 0.53, test_loss = 0.12
INFO:root:(30.9493 s) epoch 19 : train loss:  0.19
INFO:root:(66.0126 s) epoch 19: hr = 0.86, ndcg = 0.53, test_loss = 0.12
INFO:root:(30.2383 s) epoch 20 : train loss:  0.19
INFO:root:(65.1006 s) epoch 20: hr = 0.86, ndcg = 0.53, test_loss = 0.12
INFO:root:(28.2966 s) epoch 21 : train loss:  0.19
INFO:root:(65.6018 s) epoch 21: hr = 0.86, ndcg = 0.54, test_loss = 0.12
INFO:root:(28.7067 s) epoch 22 : train loss:  0.19
INFO:root:(66.8951 s) epoch 22: hr = 0.86, ndcg = 0.54, test_loss = 0.12
INFO:root:(28.8645 s) epoch 23 : train loss:  0.19
