INFO:root:already build the computing graph...
INFO:root:begin training the FISM model...
INFO:root:initialized
INFO:root:(19.9112 s) epoch 0 : train loss:  0.27
INFO:root:(70.5048 s) epoch 0: hr = 0.69, ndcg = 0.40, test_loss = 0.18
INFO:root:(26.5407 s) epoch 1 : train loss:  0.24
INFO:root:(68.7608 s) epoch 1: hr = 0.79, ndcg = 0.47, test_loss = 0.16
INFO:root:(28.1828 s) epoch 2 : train loss:  0.22
INFO:root:(80.1292 s) epoch 2: hr = 0.81, ndcg = 0.49, test_loss = 0.15
INFO:root:(26.5559 s) epoch 3 : train loss:  0.21
INFO:root:(70.9383 s) epoch 3: hr = 0.83, ndcg = 0.50, test_loss = 0.14
INFO:root:(27.2062 s) epoch 4 : train loss:  0.21
INFO:root:(66.4568 s) epoch 4: hr = 0.83, ndcg = 0.51, test_loss = 0.14
INFO:root:(26.7151 s) epoch 5 : train loss:  0.21
INFO:root:(67.5093 s) epoch 5: hr = 0.84, ndcg = 0.51, test_loss = 0.14
INFO:root:(26.2231 s) epoch 6 : train loss:  0.20
INFO:root:(82.3761 s) epoch 6: hr = 0.84, ndcg = 0.52, test_loss = 0.13
INFO:root:(25.9674 s) epoch 7 : train loss:  0.20
INFO:root:(66.8814 s) epoch 7: hr = 0.85, ndcg = 0.52, test_loss = 0.13
INFO:root:(25.7922 s) epoch 8 : train loss:  0.20
INFO:root:(68.0090 s) epoch 8: hr = 0.85, ndcg = 0.52, test_loss = 0.13
INFO:root:(26.0781 s) epoch 9 : train loss:  0.20
INFO:root:(65.9805 s) epoch 9: hr = 0.85, ndcg = 0.52, test_loss = 0.13
INFO:root:(25.2365 s) epoch 10 : train loss:  0.20
INFO:root:(70.2585 s) epoch 10: hr = 0.85, ndcg = 0.52, test_loss = 0.13
INFO:root:(24.7580 s) epoch 11 : train loss:  0.20
INFO:root:(65.6953 s) epoch 11: hr = 0.85, ndcg = 0.53, test_loss = 0.13
INFO:root:(26.6878 s) epoch 12 : train loss:  0.19
INFO:root:(67.8298 s) epoch 12: hr = 0.85, ndcg = 0.53, test_loss = 0.13
INFO:root:(24.9252 s) epoch 13 : train loss:  0.19
INFO:root:(65.6366 s) epoch 13: hr = 0.86, ndcg = 0.53, test_loss = 0.13
INFO:root:(24.8973 s) epoch 14 : train loss:  0.19
INFO:root:(67.7451 s) epoch 14: hr = 0.86, ndcg = 0.53, test_loss = 0.13
INFO:root:(25.0609 s) epoch 15 : train loss:  0.19
INFO:root:(66.2576 s) epoch 15: hr = 0.86, ndcg = 0.53, test_loss = 0.13
INFO:root:(24.8210 s) epoch 16 : train loss:  0.19
INFO:root:(65.9177 s) epoch 16: hr = 0.86, ndcg = 0.53, test_loss = 0.13
INFO:root:(24.8609 s) epoch 17 : train loss:  0.19
INFO:root:(71.6465 s) epoch 17: hr = 0.86, ndcg = 0.53, test_loss = 0.13
INFO:root:(25.4829 s) epoch 18 : train loss:  0.19
INFO:root:(65.6450 s) epoch 18: hr = 0.86, ndcg = 0.53, test_loss = 0.12
INFO:root:(24.7625 s) epoch 19 : train loss:  0.19
INFO:root:(66.8878 s) epoch 19: hr = 0.86, ndcg = 0.53, test_loss = 0.12
INFO:root:(25.4524 s) epoch 20 : train loss:  0.19
INFO:root:(65.7793 s) epoch 20: hr = 0.86, ndcg = 0.53, test_loss = 0.12
INFO:root:(25.9868 s) epoch 21 : train loss:  0.19
INFO:root:(66.7074 s) epoch 21: hr = 0.86, ndcg = 0.53, test_loss = 0.12
INFO:root:(24.7686 s) epoch 22 : train loss:  0.19
INFO:root:(66.1901 s) epoch 22: hr = 0.86, ndcg = 0.53, test_loss = 0.12
INFO:root:(25.5941 s) epoch 23 : train loss:  0.19
INFO:root:(65.8385 s) epoch 23: hr = 0.86, ndcg = 0.53, test_loss = 0.12
