INFO:root:----------------------------------------------------------
INFO:root:already build the computing graph...
INFO:root:begin training the FISM model...
INFO:root:Epoch 0[84.7s + 52.5s]: HR = 0.6957, NDCG = 0.3995, loss = 0.1809 [67.0s] train_loss = 0.2720 [28.5s]
INFO:root:----------------------------------------------------------
INFO:root:already build the computing graph...
INFO:root:begin training the FISM model...
INFO:root:Epoch 0 [84.8s + 52.0s]: HR = 0.7102, NDCG = 0.4097, loss = 0.1854 [67.4s] train_loss = 0.2749 [28.5s]
INFO:root:Epoch 1 [84.4s + 52.8s]: HR = 0.7892, NDCG = 0.4645, loss = 0.1575 [67.7s] train_loss = 0.2357 [28.4s]
INFO:root:Epoch 2 [85.1s + 52.6s]: HR = 0.8123, NDCG = 0.4864, loss = 0.1474 [66.1s] train_loss = 0.2221 [27.9s]
INFO:root:Epoch 3 [85.3s + 52.9s]: HR = 0.8259, NDCG = 0.4985, loss = 0.1415 [66.0s] train_loss = 0.2149 [27.9s]
INFO:root:Epoch 4 [85.6s + 52.7s]: HR = 0.8335, NDCG = 0.5058, loss = 0.1383 [67.1s] train_loss = 0.2098 [27.5s]
INFO:root:Epoch 5 [84.6s + 52.6s]: HR = 0.8390, NDCG = 0.5113, loss = 0.1354 [67.6s] train_loss = 0.2061 [27.5s]
INFO:root:Epoch 6 [85.1s + 52.7s]: HR = 0.8418, NDCG = 0.5144, loss = 0.1333 [80.5s] train_loss = 0.2031 [28.0s]
INFO:root:Epoch 7 [89.2s + 56.3s]: HR = 0.8460, NDCG = 0.5184, loss = 0.1318 [70.0s] train_loss = 0.2007 [27.8s]
INFO:root:Epoch 8 [84.9s + 52.7s]: HR = 0.8480, NDCG = 0.5202, loss = 0.1305 [67.2s] train_loss = 0.1986 [28.1s]
INFO:root:Epoch 9 [83.6s + 52.3s]: HR = 0.8495, NDCG = 0.5226, loss = 0.1292 [67.7s] train_loss = 0.1970 [28.0s]
INFO:root:Epoch 10 [84.3s + 52.6s]: HR = 0.8503, NDCG = 0.5243, loss = 0.1283 [68.5s] train_loss = 0.1954 [28.1s]
INFO:root:Epoch 11 [90.0s + 52.9s]: HR = 0.8523, NDCG = 0.5255, loss = 0.1275 [68.3s] train_loss = 0.1939 [30.3s]
INFO:root:Epoch 12 [86.9s + 52.9s]: HR = 0.8534, NDCG = 0.5258, loss = 0.1266 [71.9s] train_loss = 0.1930 [28.0s]
INFO:root:Epoch 13 [84.3s + 52.4s]: HR = 0.8531, NDCG = 0.5263, loss = 0.1262 [68.4s] train_loss = 0.1916 [28.4s]
INFO:root:Epoch 14 [84.1s + 52.4s]: HR = 0.8542, NDCG = 0.5269, loss = 0.1258 [70.2s] train_loss = 0.1906 [26.0s]
INFO:root:Epoch 15 [82.6s + 52.4s]: HR = 0.8549, NDCG = 0.5277, loss = 0.1249 [68.4s] train_loss = 0.1901 [27.7s]
INFO:root:Epoch 16 [83.5s + 52.3s]: HR = 0.8551, NDCG = 0.5279, loss = 0.1244 [68.3s] train_loss = 0.1892 [27.1s]
INFO:root:Epoch 17 [83.7s + 52.3s]: HR = 0.8556, NDCG = 0.5282, loss = 0.1240 [67.6s] train_loss = 0.1885 [26.7s]
INFO:root:Epoch 18 [83.6s + 52.3s]: HR = 0.8564, NDCG = 0.5289, loss = 0.1239 [69.7s] train_loss = 0.1877 [27.9s]
INFO:root:Epoch 19 [82.8s + 51.9s]: HR = 0.8568, NDCG = 0.5291, loss = 0.1235 [67.4s] train_loss = 0.1873 [27.6s]
INFO:root:Epoch 20 [81.9s + 51.9s]: HR = 0.8578, NDCG = 0.5301, loss = 0.1231 [70.0s] train_loss = 0.1868 [26.8s]
INFO:root:Epoch 21 [81.7s + 51.8s]: HR = 0.8586, NDCG = 0.5304, loss = 0.1229 [69.4s] train_loss = 0.1863 [27.2s]
INFO:root:Epoch 22 [83.2s + 51.8s]: HR = 0.8587, NDCG = 0.5307, loss = 0.1225 [68.2s] train_loss = 0.1860 [26.2s]
INFO:root:Epoch 23 [82.3s + 51.6s]: HR = 0.8585, NDCG = 0.5310, loss = 0.1223 [69.0s] train_loss = 0.1854 [27.2s]
INFO:root:Epoch 24 [82.5s + 52.3s]: HR = 0.8591, NDCG = 0.5308, loss = 0.1221 [70.0s] train_loss = 0.1850 [28.3s]
INFO:root:Epoch 25 [87.6s + 52.0s]: HR = 0.8593, NDCG = 0.5312, loss = 0.1220 [76.8s] train_loss = 0.1846 [26.4s]
INFO:root:Epoch 26 [85.2s + 51.9s]: HR = 0.8600, NDCG = 0.5314, loss = 0.1216 [67.8s] train_loss = 0.1844 [25.6s]
INFO:root:Epoch 27 [81.7s + 51.3s]: HR = 0.8598, NDCG = 0.5319, loss = 0.1213 [70.6s] train_loss = 0.1843 [26.5s]
INFO:root:Epoch 28 [82.2s + 51.3s]: HR = 0.8602, NDCG = 0.5326, loss = 0.1214 [69.9s] train_loss = 0.1838 [26.6s]
INFO:root:Epoch 29 [82.0s + 51.6s]: HR = 0.8608, NDCG = 0.5329, loss = 0.1211 [70.5s] train_loss = 0.1836 [26.8s]
INFO:root:Epoch 30 [81.3s + 51.8s]: HR = 0.8610, NDCG = 0.5330, loss = 0.1211 [68.4s] train_loss = 0.1831 [26.5s]
INFO:root:Epoch 31 [81.5s + 51.5s]: HR = 0.8612, NDCG = 0.5330, loss = 0.1209 [68.2s] train_loss = 0.1828 [26.7s]
INFO:root:Epoch 32 [82.0s + 51.6s]: HR = 0.8609, NDCG = 0.5330, loss = 0.1207 [68.8s] train_loss = 0.1828 [27.2s]
INFO:root:Epoch 33 [81.4s + 51.6s]: HR = 0.8613, NDCG = 0.5333, loss = 0.1205 [79.5s] train_loss = 0.1825 [26.4s]
INFO:root:Epoch 34 [86.0s + 52.1s]: HR = 0.8615, NDCG = 0.5334, loss = 0.1205 [74.4s] train_loss = 0.1822 [27.0s]
INFO:root:Epoch 35 [85.5s + 52.5s]: HR = 0.8620, NDCG = 0.5339, loss = 0.1203 [67.3s] train_loss = 0.1821 [26.7s]
INFO:root:Epoch 36 [81.2s + 51.5s]: HR = 0.8623, NDCG = 0.5344, loss = 0.1202 [69.4s] train_loss = 0.1818 [27.6s]
INFO:root:Epoch 37 [81.9s + 51.8s]: HR = 0.8626, NDCG = 0.5346, loss = 0.1201 [67.7s] train_loss = 0.1815 [28.1s]
INFO:root:Epoch 38 [82.0s + 51.3s]: HR = 0.8622, NDCG = 0.5347, loss = 0.1201 [68.9s] train_loss = 0.1812 [26.2s]
INFO:root:Epoch 39 [81.3s + 51.6s]: HR = 0.8624, NDCG = 0.5347, loss = 0.1199 [67.3s] train_loss = 0.1811 [26.8s]
INFO:root:Epoch 40 [81.3s + 51.5s]: HR = 0.8627, NDCG = 0.5349, loss = 0.1198 [71.1s] train_loss = 0.1809 [27.3s]
INFO:root:Epoch 41 [81.4s + 51.9s]: HR = 0.8630, NDCG = 0.5357, loss = 0.1196 [67.0s] train_loss = 0.1809 [26.3s]
INFO:root:Epoch 42 [81.1s + 51.5s]: HR = 0.8631, NDCG = 0.5356, loss = 0.1196 [70.2s] train_loss = 0.1806 [26.2s]
INFO:root:Epoch 43 [81.4s + 51.7s]: HR = 0.8635, NDCG = 0.5359, loss = 0.1196 [68.6s] train_loss = 0.1804 [27.1s]
INFO:root:Epoch 44 [81.0s + 51.4s]: HR = 0.8634, NDCG = 0.5359, loss = 0.1195 [70.0s] train_loss = 0.1804 [27.0s]
INFO:root:Epoch 45 [82.0s + 51.6s]: HR = 0.8628, NDCG = 0.5355, loss = 0.1195 [67.5s] train_loss = 0.1799 [27.2s]
INFO:root:Epoch 46 [81.6s + 51.9s]: HR = 0.8637, NDCG = 0.5361, loss = 0.1192 [67.2s] train_loss = 0.1802 [26.5s]
INFO:root:Epoch 47 [81.2s + 51.4s]: HR = 0.8638, NDCG = 0.5361, loss = 0.1192 [69.1s] train_loss = 0.1798 [25.3s]
INFO:root:Epoch 48 [81.6s + 51.6s]: HR = 0.8637, NDCG = 0.5362, loss = 0.1191 [67.9s] train_loss = 0.1798 [27.6s]
INFO:root:Epoch 49 [82.1s + 51.1s]: HR = 0.8638, NDCG = 0.5365, loss = 0.1191 [67.6s] train_loss = 0.1795 [26.9s]
INFO:root:Epoch 50 [81.7s + 51.7s]: HR = 0.8638, NDCG = 0.5364, loss = 0.1189 [67.6s] train_loss = 0.1795 [27.2s]
INFO:root:Epoch 51 [81.3s + 51.2s]: HR = 0.8643, NDCG = 0.5370, loss = 0.1189 [69.4s] train_loss = 0.1795 [26.5s]
INFO:root:Epoch 52 [81.5s + 51.5s]: HR = 0.8643, NDCG = 0.5373, loss = 0.1187 [70.3s] train_loss = 0.1794 [27.1s]
INFO:root:Epoch 53 [81.6s + 51.9s]: HR = 0.8643, NDCG = 0.5375, loss = 0.1187 [68.4s] train_loss = 0.1792 [26.0s]
INFO:root:Epoch 54 [81.6s + 52.0s]: HR = 0.8645, NDCG = 0.5376, loss = 0.1187 [71.3s] train_loss = 0.1788 [29.9s]
INFO:root:Epoch 55 [83.3s + 51.6s]: HR = 0.8644, NDCG = 0.5374, loss = 0.1186 [70.0s] train_loss = 0.1788 [27.2s]
INFO:root:Epoch 56 [82.8s + 51.6s]: HR = 0.8648, NDCG = 0.5377, loss = 0.1186 [67.8s] train_loss = 0.1787 [26.0s]
INFO:root:Epoch 57 [81.3s + 51.3s]: HR = 0.8649, NDCG = 0.5381, loss = 0.1185 [69.1s] train_loss = 0.1786 [26.7s]
INFO:root:Epoch 58 [81.8s + 51.8s]: HR = 0.8646, NDCG = 0.5380, loss = 0.1184 [67.8s] train_loss = 0.1785 [25.7s]
INFO:root:Epoch 59 [82.3s + 51.2s]: HR = 0.8645, NDCG = 0.5377, loss = 0.1184 [76.8s] train_loss = 0.1784 [26.9s]
INFO:root:Epoch 60 [84.8s + 52.8s]: HR = 0.8650, NDCG = 0.5383, loss = 0.1183 [66.8s] train_loss = 0.1783 [26.7s]
INFO:root:Epoch 61 [82.4s + 51.5s]: HR = 0.8645, NDCG = 0.5383, loss = 0.1182 [67.9s] train_loss = 0.1783 [26.5s]
INFO:root:Epoch 62 [81.7s + 51.5s]: HR = 0.8656, NDCG = 0.5387, loss = 0.1182 [67.9s] train_loss = 0.1780 [26.3s]
INFO:root:Epoch 63 [81.5s + 51.6s]: HR = 0.8652, NDCG = 0.5387, loss = 0.1182 [69.3s] train_loss = 0.1781 [26.8s]
INFO:root:----------------------------------------------------------
INFO:root:already build the computing graph...
INFO:root:begin training the FISM model...
INFO:root:Epoch 0 [85.1s + 52.3s]: HR = 0.7151, NDCG = 0.4251, loss = 0.1776 [67.9s] train_loss = 0.2658 [29.5s]
INFO:root:Epoch 1 [85.1s + 52.9s]: HR = 0.8024, NDCG = 0.4816, loss = 0.1545 [72.1s] train_loss = 0.2320 [29.8s]
INFO:root:Epoch 2 [84.3s + 52.8s]: HR = 0.8232, NDCG = 0.4967, loss = 0.1447 [67.6s] train_loss = 0.2194 [28.3s]
INFO:root:Epoch 3 [85.2s + 53.3s]: HR = 0.8337, NDCG = 0.5067, loss = 0.1394 [72.1s] train_loss = 0.2126 [27.6s]
INFO:root:Epoch 4 [91.0s + 53.3s]: HR = 0.8407, NDCG = 0.5127, loss = 0.1359 [69.2s] train_loss = 0.2084 [29.8s]
INFO:root:Epoch 5 [86.7s + 53.9s]: HR = 0.8443, NDCG = 0.5177, loss = 0.1341 [69.0s] train_loss = 0.2047 [27.5s]
INFO:root:Epoch 6 [85.6s + 53.0s]: HR = 0.8471, NDCG = 0.5215, loss = 0.1322 [67.4s] train_loss = 0.2020 [27.8s]
INFO:root:Epoch 7 [85.3s + 52.9s]: HR = 0.8502, NDCG = 0.5236, loss = 0.1311 [66.3s] train_loss = 0.1994 [27.6s]
INFO:root:Epoch 8 [84.8s + 52.7s]: HR = 0.8526, NDCG = 0.5261, loss = 0.1297 [69.6s] train_loss = 0.1978 [28.0s]
INFO:root:Epoch 9 [83.8s + 52.6s]: HR = 0.8548, NDCG = 0.5278, loss = 0.1285 [67.4s] train_loss = 0.1961 [27.4s]
INFO:root:----------------------------------------------------------
INFO:root:already build the computing graph...
INFO:root:begin training the FISM model...
INFO:root:Epoch 0 [84.2s + 52.1s]: HR = 0.7119, NDCG = 0.4150, loss = 0.1780 [66.3s] train_loss = 0.2671 [28.6s]
INFO:root:Epoch 1 [82.9s + 52.6s]: HR = 0.7870, NDCG = 0.4659, loss = 0.1554 [74.3s] train_loss = 0.2347 [29.5s]
INFO:root:Epoch 2 [84.5s + 53.0s]: HR = 0.8121, NDCG = 0.4855, loss = 0.1464 [68.5s] train_loss = 0.2228 [28.8s]
INFO:root:Epoch 3 [84.4s + 52.6s]: HR = 0.8256, NDCG = 0.4973, loss = 0.1413 [66.2s] train_loss = 0.2157 [27.6s]
INFO:root:Epoch 4 [84.8s + 52.6s]: HR = 0.8344, NDCG = 0.5050, loss = 0.1381 [67.2s] train_loss = 0.2111 [27.4s]
INFO:root:Epoch 5 [83.6s + 52.8s]: HR = 0.8407, NDCG = 0.5117, loss = 0.1358 [66.0s] train_loss = 0.2075 [27.5s]
INFO:root:Epoch 6 [85.0s + 52.7s]: HR = 0.8439, NDCG = 0.5149, loss = 0.1337 [77.0s] train_loss = 0.2046 [26.9s]
